  CALL    scripts/checksyscalls.sh
  CC      net/devres.o
  CC      drivers/dma/bcm2835-dma.o
drivers/dma/bcm2835-dma.c:777:9: error: expected identifier or ‘(’ before ‘if’
  777 |         if (c->is_40bit_channel) {
      |         ^~
drivers/dma/bcm2835-dma.c:782:11: error: expected identifier or ‘(’ before ‘else’
  782 |         } else {
      |           ^~~~
make[4]: *** [scripts/Makefile.build:244: drivers/dma/bcm2835-dma.o] Error 1
make[3]: *** [scripts/Makefile.build:485: drivers/dma] Error 2
make[2]: *** [scripts/Makefile.build:485: drivers] Error 2
make[2]: *** Waiting for unfinished jobs....
  CC      net/socket.o
  CC      net/compat.o
  CC      net/core/sock.o
  CC      net/core/request_sock.o
  CC      net/ethernet/eth.o
  CC [M]  net/802/p8022.o
  CC [M]  net/802/psnap.o
  AR      net/ethernet/built-in.a
  CC      net/core/skbuff.o
  CC [M]  net/802/stp.o
  CC      net/sched/sch_generic.o
  CC      net/netlink/af_netlink.o
  CC [M]  net/802/garp.o
  CC      net/sched/sch_mq.o
  CC      net/core/datagram.o
  CC      net/netlink/genetlink.o
  CC      net/sched/sch_frag.o
  CC      net/sched/sch_api.o
  CC      net/core/stream.o
  CC      net/bpf/test_run.o
  CC      net/netlink/policy.o
  AR      net/netlink/built-in.a
  CC      net/sched/sch_blackhole.o
  CC      net/core/scm.o
  CC      net/bpf/bpf_dummy_struct_ops.o
  CC      net/sched/cls_api.o
  CC      net/core/gen_stats.o
  CC      net/ethtool/ioctl.o
  AR      net/bpf/built-in.a
  CC      net/core/gen_estimator.o
  CC      net/sched/act_api.o
  CC      net/core/net_namespace.o
  CC      net/core/secure_seq.o
  CC      net/ethtool/common.o
  CC      net/sched/sch_fifo.o
  CC      net/core/flow_dissector.o
  CC      net/netfilter/core.o
  CC      net/ethtool/netlink.o
  CC      net/sched/cls_bpf.o
  CC      net/sched/ematch.o
  CC      net/core/sysctl_net_core.o
  CC      net/ethtool/bitset.o
  CC      net/netfilter/nf_log.o
  CC      net/ethtool/strset.o
  CC [M]  net/sched/act_police.o
  CC      net/core/dev.o
  CC      net/netfilter/nf_queue.o
  CC      net/ethtool/linkinfo.o
  CC [M]  net/sched/act_gact.o
  CC      net/ethtool/linkmodes.o
  CC [M]  net/sched/act_mirred.o
  CC      net/netfilter/nf_sockopt.o
  CC      net/ethtool/rss.o
  CC [M]  net/sched/act_nat.o
  CC      net/netfilter/utils.o
  CC      net/ethtool/linkstate.o
  CC [M]  net/sched/act_pedit.o
  CC      net/ethtool/debug.o
  CC      net/netfilter/nf_bpf_link.o
  CC      net/ethtool/wol.o
  CC [M]  net/sched/act_simple.o
  CC      net/netfilter/nf_hooks_lwtunnel.o
  CC      net/ethtool/features.o
  CC [M]  net/sched/act_skbedit.o
  CC      net/ethtool/privflags.o
  CC [M]  net/netfilter/nfnetlink.o
  CC [M]  net/sched/act_csum.o
  CC      net/ethtool/rings.o
  CC      net/core/dev_addr_lists.o
  CC [M]  net/netfilter/nfnetlink_acct.o
  CC [M]  net/sched/sch_htb.o
  CC      net/ethtool/channels.o
  CC      net/ethtool/coalesce.o
  CC      net/core/dst.o
  CC [M]  net/netfilter/nfnetlink_queue.o
  CC [M]  net/sched/sch_hfsc.o
  CC      net/ethtool/pause.o
  CC      net/core/netevent.o
  CC      net/ethtool/eee.o
  CC [M]  net/netfilter/nfnetlink_log.o
  CC [M]  net/sched/sch_red.o
  CC      net/ethtool/tsinfo.o
  CC      net/core/neighbour.o
  CC [M]  net/sched/sch_gred.o
  CC [M]  net/netfilter/nfnetlink_osf.o
  CC      net/ethtool/cabletest.o
  CC [M]  net/sched/sch_ingress.o
  CC      net/ethtool/tunnels.o
  CC [M]  net/netfilter/nf_conntrack_core.o
  CC [M]  net/sched/sch_sfb.o
  CC      net/ethtool/fec.o
  CC      net/core/rtnetlink.o
  CC [M]  net/sched/sch_sfq.o
  CC      net/ethtool/eeprom.o
  CC      net/ethtool/stats.o
  CC [M]  net/netfilter/nf_conntrack_standalone.o
  CC [M]  net/sched/sch_tbf.o
  CC [M]  net/sched/sch_teql.o
  CC      net/ethtool/phc_vclocks.o
  CC [M]  net/netfilter/nf_conntrack_expect.o
  CC [M]  net/sched/sch_prio.o
  CC      net/ethtool/mm.o
  CC      net/core/utils.o
  CC [M]  net/sched/sch_multiq.o
  CC [M]  net/netfilter/nf_conntrack_helper.o
  CC      net/ethtool/module.o
  CC      net/core/link_watch.o
  CC [M]  net/sched/sch_netem.o
  CC      net/ethtool/cmis_fw_update.o
  CC [M]  net/netfilter/nf_conntrack_proto.o
  CC      net/ethtool/cmis_cdb.o
  CC      net/core/filter.o
  CC [M]  net/sched/sch_drr.o
  CC      net/ethtool/pse-pd.o
  CC [M]  net/sched/sch_plug.o
  CC [M]  net/netfilter/nf_conntrack_proto_generic.o
  CC      net/ethtool/plca.o
  CC [M]  net/sched/sch_mqprio.o
  CC [M]  net/netfilter/nf_conntrack_proto_tcp.o
  CC      net/ethtool/phy.o
  CC [M]  net/sched/sch_mqprio_lib.o
  AR      net/ethtool/built-in.a
  CC [M]  net/netfilter/nf_conntrack_proto_udp.o
  CC [M]  net/sched/sch_choke.o
  CC [M]  net/netfilter/nf_conntrack_proto_icmp.o
  CC      net/ipv4/route.o
  CC [M]  net/sched/sch_qfq.o
  CC [M]  net/netfilter/nf_conntrack_extend.o
  CC [M]  net/sched/sch_codel.o
  CC [M]  net/netfilter/nf_conntrack_acct.o
  CC      net/core/sock_diag.o
  CC [M]  net/sched/sch_fq_codel.o
  CC [M]  net/netfilter/nf_conntrack_seqadj.o
  CC      net/ipv4/inetpeer.o
  CC      net/core/dev_ioctl.o
  CC [M]  net/sched/sch_cake.o
  CC [M]  net/netfilter/nf_conntrack_proto_icmpv6.o
  CC      net/ipv4/protocol.o
  CC      net/core/tso.o
  CC [M]  net/netfilter/nf_conntrack_timestamp.o
  CC      net/ipv4/ip_input.o
  CC [M]  net/netfilter/nf_conntrack_ecache.o
  CC [M]  net/sched/sch_fq.o
  CC      net/core/sock_reuseport.o
  CC      net/ipv4/ip_fragment.o
  CC [M]  net/netfilter/nf_conntrack_labels.o
  CC [M]  net/sched/sch_hhf.o
  CC      net/core/fib_notifier.o
  CC [M]  net/sched/sch_pie.o
  CC [M]  net/netfilter/nf_conntrack_ovs.o
  CC      net/ipv4/ip_forward.o
  CC      net/core/xdp.o
  CC      net/ipv4/ip_options.o
  CC [M]  net/netfilter/nf_conntrack_proto_dccp.o
  CC [M]  net/sched/cls_u32.o
  CC      net/core/flow_offload.o
  CC [M]  net/netfilter/nf_conntrack_proto_sctp.o
  CC      net/ipv4/ip_output.o
  CC [M]  net/sched/cls_route.o
  CC [M]  net/netfilter/nf_conntrack_proto_gre.o
  CC      net/core/gro.o
  CC [M]  net/sched/cls_fw.o
  CC [M]  net/netfilter/nf_conntrack_netlink.o
  CC [M]  net/sched/cls_basic.o
  CC      net/ipv4/ip_sockglue.o
  CC      net/core/netdev-genl.o
  CC [M]  net/sched/cls_flow.o
  CC [M]  net/netfilter/nf_conntrack_amanda.o
  CC [M]  net/sched/cls_cgroup.o
  CC      net/core/netdev-genl-gen.o
  CC      net/ipv4/inet_hashtables.o
  CC      net/core/gso.o
  CC [M]  net/sched/cls_flower.o
  CC [M]  net/netfilter/nf_conntrack_ftp.o
  CC      net/core/net-sysfs.o
  CC      net/ipv4/inet_timewait_sock.o
  CC [M]  net/netfilter/nf_conntrack_h323_main.o
  CC [M]  net/sched/cls_matchall.o
  CC      net/ipv4/inet_connection_sock.o
  CC      net/core/hotdata.o
  CC [M]  net/sched/em_cmp.o
  CC [M]  net/netfilter/nf_conntrack_h323_asn1.o
  CC [M]  net/netfilter/nf_conntrack_irc.o
  CC [M]  net/sched/em_nbyte.o
  CC      net/core/netdev_rx_queue.o
  CC      net/ipv4/tcp.o
  CC      net/core/page_pool.o
  CC [M]  net/sched/em_u32.o
  CC [M]  net/netfilter/nf_conntrack_broadcast.o
  CC [M]  net/sched/em_meta.o
  CC      net/core/page_pool_user.o
  CC [M]  net/netfilter/nf_conntrack_netbios_ns.o
  CC [M]  net/sched/em_text.o
  CC      net/core/net-procfs.o
  CC [M]  net/sched/em_ipset.o
  CC [M]  net/netfilter/nf_conntrack_snmp.o
  CC      net/core/netpoll.o
  AR      net/sched/built-in.a
  CC      net/core/fib_rules.o
  CC      net/ipv4/tcp_input.o
  CC [M]  net/netfilter/nf_conntrack_pptp.o
  CC [M]  net/netfilter/nf_conntrack_sane.o
  CC      net/core/net-traces.o
  CC      net/core/selftests.o
  CC [M]  net/netfilter/nf_conntrack_sip.o
  CC      net/xfrm/xfrm_policy.o
  CC      net/ipv4/tcp_output.o
  CC [M]  net/netfilter/nf_conntrack_tftp.o
  CC [M]  net/netfilter/nf_log_syslog.o
  CC      net/core/timestamping.o
  CC [M]  net/netfilter/nf_nat_core.o
  CC      net/xfrm/xfrm_state.o
  CC      net/core/ptp_classifier.o
  CC      net/ipv4/tcp_timer.o
  CC      net/core/netprio_cgroup.o
  CC [M]  net/netfilter/nf_nat_proto.o
  CC      net/core/netclassid_cgroup.o
  CC      net/ipv4/tcp_ipv4.o
  CC      net/xfrm/xfrm_hash.o
  CC      net/xfrm/xfrm_input.o
  CC [M]  net/netfilter/nf_nat_helper.o
  CC      net/core/lwtunnel.o
  CC      net/core/lwt_bpf.o
  CC [M]  net/netfilter/nf_nat_redirect.o
  CC      net/xfrm/xfrm_output.o
  CC      net/ipv4/tcp_minisocks.o
  CC      net/core/dst_cache.o
  CC [M]  net/netfilter/nf_nat_masquerade.o
  CC      net/xfrm/xfrm_sysctl.o
  CC      net/core/gro_cells.o
  CC      net/ipv4/tcp_cong.o
  CC      net/xfrm/xfrm_replay.o
  CC [M]  net/netfilter/nf_nat_ovs.o
  CC      net/core/skmsg.o
  CC      net/ipv4/tcp_metrics.o
  CC      net/xfrm/xfrm_device.o
  CC [M]  net/netfilter/nf_nat_amanda.o
  CC      net/ipv4/tcp_fastopen.o
  CC [M]  net/netfilter/nf_nat_ftp.o
  CC      net/core/sock_map.o
  CC      net/xfrm/xfrm_nat_keepalive.o
  CC [M]  net/netfilter/nf_nat_irc.o
  CC      net/ipv4/tcp_rate.o
  CC [M]  net/netfilter/nf_nat_sip.o
  CC      net/xfrm/xfrm_proc.o
  CC      net/core/bpf_sk_storage.o
  CC [M]  net/xfrm/xfrm_algo.o
  CC [M]  net/netfilter/nf_nat_tftp.o
  CC      net/ipv4/tcp_recovery.o
  CC [M]  net/netfilter/nf_synproxy_core.o
  CC      net/ipv4/tcp_ulp.o
  CC      net/core/of_net.o
  CC [M]  net/xfrm/xfrm_user.o
  CC      net/core/devmem.o
  CC      net/ipv4/tcp_offload.o
  CC [M]  net/netfilter/nf_conncount.o
  CC [M]  net/core/pktgen.o
  CC [M]  net/xfrm/xfrm_ipcomp.o
  CC      net/ipv4/tcp_plb.o
  CC [M]  net/netfilter/nf_dup_netdev.o
  CC [M]  net/xfrm/xfrm_interface_core.o
  AR      net/core/built-in.a
  CC      net/ipv4/datagram.o
  CC [M]  net/netfilter/nf_tables_core.o
  CC      net/unix/af_unix.o
  AR      net/xfrm/built-in.a
  LD [M]  net/xfrm/xfrm_interface.o
  CC [M]  net/netfilter/nf_tables_api.o
  CC      net/ipv4/raw.o
  CC [M]  net/ipv6/netfilter/ip6_tables.o
  CC      net/unix/garbage.o
  CC      net/ipv4/udp.o
  CC      net/unix/sysctl_net_unix.o
  CC [M]  net/ipv6/netfilter/ip6table_filter.o
  CC      net/unix/unix_bpf.o
  CC [M]  net/ipv6/netfilter/ip6table_mangle.o
  AR      net/unix/built-in.a
  CC [M]  net/ipv6/netfilter/ip6table_raw.o
  CC [M]  net/netfilter/nft_chain_filter.o
  CC [M]  net/ipv6/netfilter/ip6table_security.o
  CC      net/ipv4/udplite.o
  CC      net/packet/af_packet.o
  CC [M]  net/ipv6/netfilter/ip6table_nat.o
  CC [M]  net/netfilter/nf_tables_trace.o
  CC      net/ipv4/udp_offload.o
  CC [M]  net/ipv6/netfilter/nf_defrag_ipv6_hooks.o
  CC [M]  net/netfilter/nft_immediate.o
  CC      net/ipv4/arp.o
  CC [M]  net/ipv6/netfilter/nf_conntrack_reasm.o
  CC [M]  net/netfilter/nft_cmp.o
  AR      net/packet/built-in.a
  CC [M]  net/netfilter/nft_range.o
  CC      net/ipv6/addrconf_core.o
  CC [M]  net/netfilter/nft_bitwise.o
  CC      net/ipv4/icmp.o
  CC [M]  net/ipv6/netfilter/nf_socket_ipv6.o
  CC [M]  net/netfilter/nft_byteorder.o
  CC      net/devlink/core.o
  CC [M]  net/netfilter/nft_payload.o
  CC [M]  net/ipv6/netfilter/nf_tproxy_ipv6.o
  CC      net/ipv4/devinet.o
  CC [M]  net/netfilter/nft_lookup.o
  CC      net/devlink/netlink.o
  CC [M]  net/ipv6/netfilter/nf_reject_ipv6.o
  CC [M]  net/netfilter/nft_dynset.o
  CC      net/devlink/netlink_gen.o
  CC      net/ipv4/af_inet.o
  CC [M]  net/netfilter/nft_meta.o
  CC      net/devlink/dev.o
  CC [M]  net/ipv6/netfilter/nf_dup_ipv6.o
  CC [M]  net/netfilter/nft_rt.o
  CC      net/ipv4/igmp.o
  CC [M]  net/ipv6/netfilter/nft_reject_ipv6.o
  CC      net/devlink/port.o
  CC [M]  net/netfilter/nft_exthdr.o
  CC [M]  net/ipv6/netfilter/nft_dup_ipv6.o
  CC [M]  net/ipv6/netfilter/nft_fib_ipv6.o
  CC [M]  net/netfilter/nft_last.o
  CC      net/devlink/sb.o
  CC      net/ipv4/fib_frontend.o
  CC [M]  net/netfilter/nft_counter.o
  CC [M]  net/ipv6/netfilter/ip6t_ah.o
  CC [M]  net/netfilter/nft_objref.o
  CC      net/devlink/dpipe.o
  CC [M]  net/ipv6/netfilter/ip6t_eui64.o
  CC [M]  net/netfilter/nft_inner.o
  CC      net/ipv4/fib_semantics.o
  CC [M]  net/ipv6/netfilter/ip6t_frag.o
  CC [M]  net/netfilter/nft_chain_route.o
  CC      net/devlink/resource.o
  CC [M]  net/ipv6/netfilter/ip6t_ipv6header.o
  CC [M]  net/netfilter/nf_tables_offload.o
  CC [M]  net/ipv6/netfilter/ip6t_mh.o
  CC      net/ipv4/fib_trie.o
  CC      net/devlink/param.o
  CC [M]  net/netfilter/nft_set_hash.o
  CC [M]  net/ipv6/netfilter/ip6t_hbh.o
  CC [M]  net/netfilter/nft_set_bitmap.o
  CC [M]  net/ipv6/netfilter/ip6t_rpfilter.o
  CC      net/devlink/region.o
  CC      net/ipv4/fib_notifier.o
  CC [M]  net/netfilter/nft_set_rbtree.o
  CC [M]  net/ipv6/netfilter/ip6t_rt.o
  CC      net/ipv4/inet_fragment.o
  CC [M]  net/netfilter/nft_set_pipapo.o
  CC      net/devlink/health.o
  CC [M]  net/ipv6/netfilter/ip6t_srh.o
  CC [M]  net/ipv6/netfilter/ip6t_NPT.o
  CC [M]  net/netfilter/nft_compat.o
  CC      net/ipv4/ping.o
  CC      net/devlink/trap.o
  CC [M]  net/ipv6/netfilter/ip6t_REJECT.o
  CC [M]  net/netfilter/nft_connlimit.o
  CC [M]  net/ipv6/netfilter/ip6t_SYNPROXY.o
  CC      net/ipv4/ip_tunnel_core.o
  CC [M]  net/netfilter/nft_numgen.o
  CC      net/devlink/rate.o
  LD [M]  net/ipv6/netfilter/nf_defrag_ipv6.o
  CC      net/ipv6/exthdrs_core.o
  CC [M]  net/netfilter/nft_ct.o
  CC      net/ipv4/gre_offload.o
  CC      net/ipv6/ip6_checksum.o
  CC      net/devlink/linecard.o
  CC [M]  net/netfilter/nft_flow_offload.o
  CC      net/ipv4/metrics.o
  CC [M]  net/netfilter/nft_limit.o
  CC      net/ipv6/ip6_icmp.o
  AR      net/devlink/built-in.a
  CC [M]  net/netfilter/nft_nat.o
  CC      net/ipv4/netlink.o
  CC      net/dsa/stubs.o
  CC      net/ipv6/output_core.o
  CC [M]  net/netfilter/nft_queue.o
  CC      net/ipv4/nexthop.o
  CC [M]  net/dsa/conduit.o
  CC [M]  net/netfilter/nft_quota.o
  CC      net/ipv6/protocol.o
  CC [M]  net/dsa/devlink.o
  CC [M]  net/netfilter/nft_reject.o
  CC      net/ipv6/ip6_offload.o
  CC [M]  net/netfilter/nft_reject_inet.o
  CC [M]  net/dsa/dsa.o
  CC      net/ipv6/tcpv6_offload.o
  CC      net/ipv4/udp_tunnel_stub.o
  CC [M]  net/netfilter/nft_tunnel.o
  CC      net/ipv6/exthdrs_offload.o
  CC      net/ipv4/sysctl_net_ipv4.o
  CC [M]  net/netfilter/nft_log.o
  CC      net/ipv6/inet6_hashtables.o
  CC [M]  net/dsa/netlink.o
  CC      net/ipv4/proc.o
  CC [M]  net/netfilter/nft_masq.o
  CC [M]  net/dsa/port.o
  CC      net/ipv6/mcast_snoop.o
  CC [M]  net/netfilter/nft_redir.o
  CC      net/ipv4/fib_rules.o
  CC [M]  net/netfilter/nft_hash.o
  CC [M]  net/dsa/switch.o
  CC [M]  net/ipv6/af_inet6.o
  CC      net/ipv4/ipmr.o
  CC [M]  net/netfilter/nft_fib.o
  CC [M]  net/dsa/tag.o
  CC [M]  net/ipv6/anycast.o
  CC [M]  net/netfilter/nft_fib_inet.o
  CC [M]  net/dsa/tag_8021q.o
  CC [M]  net/netfilter/nft_fib_netdev.o
  CC [M]  net/ipv6/ip6_output.o
  CC      net/ipv4/ipmr_base.o
  CC [M]  net/netfilter/nft_socket.o
  CC [M]  net/dsa/trace.o
  CC [M]  net/netfilter/nft_osf.o
  CC      net/ipv4/syncookies.o
  CC [M]  net/dsa/user.o
  CC [M]  net/netfilter/nft_tproxy.o
  CC [M]  net/ipv6/ip6_input.o
  CC      net/ipv4/ipconfig.o
  CC [M]  net/netfilter/nft_xfrm.o
  CC [M]  net/netfilter/nft_synproxy.o
  CC      net/ipv4/netfilter.o
  CC [M]  net/ipv6/addrconf.o
  AR      net/dsa/built-in.a
  LD [M]  net/dsa/dsa_core.o
  CC [M]  net/ipv4/netfilter/nf_defrag_ipv4.o
  CC [M]  net/netfilter/nft_chain_nat.o
  CC      net/sunrpc/clnt.o
  CC [M]  net/netfilter/nft_dup_netdev.o
  CC [M]  net/ipv4/netfilter/nf_socket_ipv4.o
  CC [M]  net/netfilter/nft_fwd_netdev.o
  CC [M]  net/ipv4/netfilter/nf_tproxy_ipv4.o
  CC [M]  net/netfilter/nf_flow_table_core.o
  CC      net/sunrpc/xprt.o
  CC [M]  net/ipv6/addrlabel.o
  CC [M]  net/ipv4/netfilter/nf_reject_ipv4.o
  CC [M]  net/ipv6/route.o
  CC [M]  net/netfilter/nf_flow_table_ip.o
  CC      net/sunrpc/socklib.o
  CC [M]  net/ipv4/netfilter/nf_nat_h323.o
  CC [M]  net/netfilter/nf_flow_table_offload.o
  CC      net/sunrpc/xprtsock.o
  CC [M]  net/ipv4/netfilter/nf_nat_pptp.o
  CC [M]  net/ipv4/netfilter/nf_nat_snmp_basic.asn1.o
  CC [M]  net/ipv4/netfilter/nf_nat_snmp_basic_main.o
  CC [M]  net/netfilter/nf_flow_table_xdp.o
  CC [M]  net/ipv6/ip6_fib.o
  CC [M]  net/ipv4/netfilter/nft_reject_ipv4.o
  CC      net/sunrpc/sched.o
  CC [M]  net/netfilter/nf_flow_table_inet.o
  CC [M]  net/ipv4/netfilter/nft_fib_ipv4.o
  CC [M]  net/netfilter/x_tables.o
  CC [M]  net/ipv6/ipv6_sockglue.o
  CC [M]  net/ipv4/netfilter/nft_dup_ipv4.o
  CC [M]  net/ipv4/netfilter/ip_tables.o
  CC [M]  net/netfilter/xt_tcpudp.o
  CC [M]  net/ipv6/ndisc.o
  CC [M]  net/netfilter/xt_mark.o
  CC [M]  net/netfilter/xt_connmark.o
  CC [M]  net/ipv4/netfilter/iptable_filter.o
  CC      net/sunrpc/auth.o
  CC [M]  net/ipv4/netfilter/iptable_mangle.o
  CC [M]  net/netfilter/xt_set.o
  CC [M]  net/ipv6/udp.o
  CC [M]  net/ipv4/netfilter/iptable_nat.o
  CC [M]  net/netfilter/xt_nat.o
  CC      net/sunrpc/auth_null.o
  CC [M]  net/ipv4/netfilter/iptable_raw.o
  CC [M]  net/netfilter/xt_CHECKSUM.o
  CC      net/sunrpc/auth_tls.o
  CC [M]  net/ipv4/netfilter/ipt_ah.o
  CC [M]  net/netfilter/xt_CLASSIFY.o
  CC [M]  net/ipv6/udplite.o
  CC [M]  net/ipv4/netfilter/ipt_rpfilter.o
  CC      net/sunrpc/auth_unix.o
  CC [M]  net/ipv6/raw.o
  CC [M]  net/netfilter/xt_CT.o
  CC [M]  net/ipv4/netfilter/ipt_ECN.o
  CC      net/sunrpc/svc.o
  CC [M]  net/netfilter/xt_DSCP.o
  CC [M]  net/ipv4/netfilter/ipt_REJECT.o
  CC [M]  net/netfilter/xt_HL.o
  CC [M]  net/ipv4/netfilter/ipt_SYNPROXY.o
  CC [M]  net/ipv6/icmp.o
  CC      net/sunrpc/svcsock.o
  CC [M]  net/netfilter/xt_HMARK.o
  CC [M]  net/ipv4/netfilter/arp_tables.o
  CC [M]  net/netfilter/xt_LED.o
  CC [M]  net/ipv6/mcast.o
  CC [M]  net/netfilter/xt_LOG.o
  CC      net/sunrpc/svcauth.o
  CC [M]  net/ipv4/netfilter/arpt_mangle.o
  CC [M]  net/netfilter/xt_NETMAP.o
  CC [M]  net/ipv4/netfilter/arptable_filter.o
  CC [M]  net/netfilter/xt_NFLOG.o
  CC      net/sunrpc/svcauth_unix.o
  CC [M]  net/ipv4/netfilter/nf_dup_ipv4.o
  CC [M]  net/ipv6/reassembly.o
  CC [M]  net/netfilter/xt_NFQUEUE.o
  CC [M]  net/netfilter/xt_RATEEST.o
  LD [M]  net/ipv4/netfilter/nf_nat_snmp_basic.o
  CC      net/ipv4/tcp_cubic.o
  CC [M]  net/ipv6/tcp_ipv6.o
  CC      net/sunrpc/addr.o
  CC      net/ipv4/tcp_bpf.o
  CC [M]  net/netfilter/xt_REDIRECT.o
  CC      net/sunrpc/rpcb_clnt.o
  CC [M]  net/netfilter/xt_MASQUERADE.o
  CC [M]  net/ipv6/ping.o
  CC      net/ipv4/udp_bpf.o
  CC [M]  net/netfilter/xt_TPROXY.o
  CC      net/sunrpc/timer.o
  CC [M]  net/ipv6/exthdrs.o
  CC [M]  net/netfilter/xt_TCPMSS.o
  CC      net/ipv4/xfrm4_policy.o
  CC      net/sunrpc/xdr.o
  CC [M]  net/netfilter/xt_TCPOPTSTRIP.o
  CC      net/ipv4/xfrm4_state.o
  CC [M]  net/ipv6/datagram.o
  CC [M]  net/netfilter/xt_TEE.o
  CC      net/ipv4/xfrm4_input.o
  CC      net/sunrpc/sunrpc_syms.o
  CC [M]  net/netfilter/xt_TRACE.o
  CC [M]  net/netfilter/xt_IDLETIMER.o
  CC [M]  net/ipv6/ip6_flowlabel.o
  CC      net/ipv4/xfrm4_output.o
  CC      net/sunrpc/cache.o
  CC [M]  net/netfilter/xt_addrtype.o
  CC      net/ipv4/xfrm4_protocol.o
  CC [M]  net/netfilter/xt_bpf.o
  CC [M]  net/ipv6/inet6_connection_sock.o
  CC      net/ipv4/bpf_tcp_ca.o
  CC [M]  net/netfilter/xt_cluster.o
  CC      net/sunrpc/rpc_pipe.o
  CC [M]  net/ipv6/udp_offload.o
  CC [M]  net/ipv4/ip_tunnel.o
  CC [M]  net/netfilter/xt_comment.o
  CC [M]  net/ipv6/seg6.o
  CC [M]  net/netfilter/xt_connbytes.o
  CC      net/sunrpc/sysfs.o
  CC [M]  net/ipv6/fib6_notifier.o
  CC [M]  net/netfilter/xt_connlabel.o
  CC [M]  net/ipv4/ipip.o
  CC      net/sunrpc/svc_xprt.o
  CC [M]  net/ipv6/rpl.o
  CC [M]  net/netfilter/xt_connlimit.o
  CC [M]  net/ipv4/fou_core.o
  CC [M]  net/ipv6/ioam6.o
  CC [M]  net/netfilter/xt_conntrack.o
  CC [M]  net/netfilter/xt_cpu.o
  CC      net/sunrpc/xprtmultipath.o
  CC [M]  net/ipv6/sysctl_net_ipv6.o
  CC [M]  net/ipv4/fou_nl.o
  CC [M]  net/netfilter/xt_dccp.o
  CC [M]  net/ipv6/ip6mr.o
  CC      net/sunrpc/backchannel_rqst.o
  CC [M]  net/ipv4/fou_bpf.o
  CC [M]  net/netfilter/xt_devgroup.o
  CC [M]  net/ipv4/gre_demux.o
  CC      net/sunrpc/stats.o
  CC [M]  net/netfilter/xt_dscp.o
  CC [M]  net/netfilter/xt_ecn.o
  CC [M]  net/ipv6/xfrm6_policy.o
  CC [M]  net/ipv4/ip_gre.o
  CC [M]  net/netfilter/xt_esp.o
  CC      net/sunrpc/sysctl.o
  CC [M]  net/ipv6/xfrm6_state.o
  CC [M]  net/netfilter/xt_hashlimit.o
  CC [M]  net/ipv6/xfrm6_input.o
  CC      net/sunrpc/auth_gss/auth_gss.o
  CC [M]  net/ipv4/udp_tunnel_core.o
  CC [M]  net/netfilter/xt_helper.o
  CC [M]  net/ipv4/udp_tunnel_nic.o
  CC [M]  net/ipv6/xfrm6_output.o
  CC      net/sunrpc/auth_gss/gss_generic_token.o
  CC [M]  net/netfilter/xt_hl.o
  CC [M]  net/netfilter/xt_iprange.o
  CC [M]  net/ipv6/xfrm6_protocol.o
  CC      net/sunrpc/auth_gss/gss_mech_switch.o
  CC [M]  net/ipv4/ip_vti.o
  CC [M]  net/netfilter/xt_ipvs.o
  CC [M]  net/ipv4/ah4.o
  CC [M]  net/ipv6/netfilter.o
  CC      net/sunrpc/auth_gss/svcauth_gss.o
  CC [M]  net/netfilter/xt_l2tp.o
  CC [M]  net/ipv4/esp4.o
  CC [M]  net/netfilter/xt_length.o
  CC [M]  net/ipv6/fib6_rules.o
  CC      net/sunrpc/auth_gss/gss_rpc_upcall.o
  CC [M]  net/netfilter/xt_limit.o
  CC [M]  net/ipv4/ipcomp.o
  CC [M]  net/netfilter/xt_mac.o
  CC      net/sunrpc/auth_gss/gss_rpc_xdr.o
  CC [M]  net/ipv6/proc.o
  CC [M]  net/ipv4/xfrm4_tunnel.o
  CC [M]  net/netfilter/xt_multiport.o
  CC      net/sunrpc/auth_gss/trace.o
  CC [M]  net/ipv6/syncookies.o
  CC [M]  net/ipv4/tunnel4.o
  CC [M]  net/netfilter/xt_nfacct.o
  CC [M]  net/netfilter/xt_osf.o
  CC [M]  net/ipv6/ah6.o
  CC      net/sunrpc/auth_gss/gss_krb5_mech.o
  CC [M]  net/ipv4/inet_diag.o
  CC [M]  net/netfilter/xt_owner.o
  CC      net/sunrpc/auth_gss/gss_krb5_seal.o
  CC [M]  net/ipv6/esp6.o
  CC [M]  net/netfilter/xt_physdev.o
  CC      net/sunrpc/auth_gss/gss_krb5_unseal.o
  CC [M]  net/ipv4/tcp_diag.o
  CC [M]  net/netfilter/xt_pkttype.o
  CC      net/sunrpc/auth_gss/gss_krb5_wrap.o
  CC [M]  net/ipv6/esp6_offload.o
  CC [M]  net/ipv4/tcp_bbr.o
  CC [M]  net/netfilter/xt_policy.o
  CC      net/sunrpc/auth_gss/gss_krb5_crypto.o
  CC [M]  net/ipv6/ipcomp6.o
  CC [M]  net/netfilter/xt_quota.o
  CC [M]  net/ipv4/tcp_bic.o
  CC      net/sunrpc/auth_gss/gss_krb5_keys.o
  CC [M]  net/ipv6/xfrm6_tunnel.o
  CC [M]  net/netfilter/xt_rateest.o
  CC [M]  net/ipv4/tcp_westwood.o
  AR      net/sunrpc/auth_gss/built-in.a
  AR      net/sunrpc/built-in.a
  CC      net/8021q/vlan_core.o
  CC [M]  net/netfilter/xt_realm.o
  CC [M]  net/ipv4/tcp_htcp.o
  CC [M]  net/ipv6/tunnel6.o
  CC [M]  net/netfilter/xt_recent.o
  CC [M]  net/8021q/vlan.o
  AR      net/ipv4/built-in.a
  LD [M]  net/ipv4/fou.o
  LD [M]  net/ipv4/gre.o
  LD [M]  net/ipv4/udp_tunnel.o
  CC [M]  net/netfilter/xt_sctp.o
  CC [M]  net/ipv6/ip6_vti.o
  CC      net/wireless/wext-core.o
  CC [M]  net/8021q/vlan_dev.o
  CC [M]  net/netfilter/xt_socket.o
  CC [M]  net/8021q/vlan_netlink.o
  CC [M]  net/ipv6/sit.o
  CC [M]  net/netfilter/xt_state.o
  CC      net/wireless/wext-proc.o
  CC [M]  net/8021q/vlan_gvrp.o
  CC [M]  net/wireless/core.o
  CC [M]  net/netfilter/xt_statistic.o
  CC [M]  net/8021q/vlanproc.o
  CC [M]  net/netfilter/xt_string.o
  CC [M]  net/ipv6/ip6_tunnel.o
  AR      net/8021q/built-in.a
  LD [M]  net/8021q/8021q.o
  CC      net/sysctl_net.o
  CC [M]  net/netfilter/xt_tcpmss.o
  CC [M]  net/wireless/sysfs.o
  CC [M]  net/netfilter/xt_time.o
  CC [M]  net/ipv6/ip6_gre.o
  CC [M]  net/netfilter/xt_u32.o
  CC [M]  net/wireless/radiotap.o
  CC [M]  net/ipv6/fou6.o
  CC [M]  net/netfilter/ipset/ip_set_core.o
  CC      net/dns_resolver/dns_key.o
  CC [M]  net/wireless/util.o
  CC [M]  net/ipv6/ip6_udp_tunnel.o
  CC      net/dns_resolver/dns_query.o
  AR      net/dns_resolver/built-in.a
  CC [M]  net/netfilter/ipset/ip_set_getport.o
  CC [M]  net/ipv6/ila/ila_main.o
  CC [M]  net/mpls/mpls_gso.o
  CC [M]  net/ipv6/ila/ila_common.o
  CC [M]  net/netfilter/ipvs/ip_vs_conn.o
  CC [M]  net/netfilter/ipset/pfxlen.o
  CC [M]  net/wireless/reg.o
  CC [M]  net/ipv6/ila/ila_lwt.o
  CC [M]  net/ipv6/ila/ila_xlat.o
  CC [M]  net/netfilter/ipset/ip_set_bitmap_ip.o
  CC [M]  net/netfilter/ipvs/ip_vs_core.o
  CC [M]  net/netfilter/ipset/ip_set_bitmap_ipmac.o
  LD [M]  net/ipv6/ila/ila.o
  AR      net/ipv6/built-in.a
  LD [M]  net/ipv6/ipv6.o
  CC [M]  net/wireless/scan.o
  CC [M]  net/netfilter/ipset/ip_set_bitmap_port.o
  CC      net/switchdev/switchdev.o
  CC [M]  net/netfilter/ipvs/ip_vs_ctl.o
  CC [M]  net/netfilter/ipset/ip_set_hash_ip.o
  AR      net/switchdev/built-in.a
  CC      net/l3mdev/l3mdev.o
  CC [M]  net/wireless/nl80211.o
  CC [M]  net/netfilter/ipset/ip_set_hash_ipport.o
  CC [M]  net/netfilter/ipvs/ip_vs_sched.o
  AR      net/l3mdev/built-in.a
  CC      net/mptcp/protocol.o
  CC [M]  net/netfilter/ipvs/ip_vs_xmit.o
  CC [M]  net/netfilter/ipset/ip_set_hash_ipportip.o
  CC [M]  net/netfilter/ipvs/ip_vs_app.o
  CC      net/mptcp/subflow.o
  CC [M]  net/netfilter/ipset/ip_set_hash_ipportnet.o
  CC [M]  net/netfilter/ipvs/ip_vs_sync.o
  CC      net/mptcp/options.o
  CC [M]  net/netfilter/ipvs/ip_vs_est.o
  CC [M]  net/netfilter/ipset/ip_set_hash_net.o
  CC [M]  net/netfilter/ipvs/ip_vs_proto.o
  CC      net/mptcp/token.o
  CC [M]  net/netfilter/ipvs/ip_vs_pe.o
  CC [M]  net/netfilter/ipset/ip_set_hash_netport.o
  CC      net/mptcp/crypto.o
  CC      net/mptcp/ctrl.o
  CC [M]  net/netfilter/ipvs/ip_vs_proto_tcp.o
  CC [M]  net/wireless/mlme.o
  CC      net/mptcp/pm.o
  CC [M]  net/netfilter/ipvs/ip_vs_proto_udp.o
  CC [M]  net/netfilter/ipset/ip_set_hash_netiface.o
  CC      net/mptcp/diag.o
  CC [M]  net/netfilter/ipvs/ip_vs_proto_ah_esp.o
  CC [M]  net/wireless/ibss.o
  CC [M]  net/netfilter/ipvs/ip_vs_proto_sctp.o
  CC      net/mptcp/mib.o
  CC [M]  net/netfilter/ipset/ip_set_list_set.o
  CC      net/mptcp/pm_netlink.o
  CC [M]  net/netfilter/ipvs/ip_vs_nfct.o
  CC [M]  net/wireless/sme.o
  LD [M]  net/netfilter/ipset/ip_set.o
  CC [M]  net/wireless/chan.o
  CC [M]  net/netfilter/ipvs/ip_vs_rr.o
  CC      net/mptcp/sockopt.o
  CC      net/handshake/alert.o
  CC [M]  net/netfilter/ipvs/ip_vs_wrr.o
  CC [M]  net/wireless/ethtool.o
  CC [M]  net/netfilter/ipvs/ip_vs_lc.o
  CC      net/handshake/genl.o
  CC [M]  net/wireless/mesh.o
  CC      net/mptcp/pm_userspace.o
  CC [M]  net/netfilter/ipvs/ip_vs_wlc.o
  CC      net/handshake/netlink.o
  CC [M]  net/wireless/ap.o
  CC [M]  net/netfilter/ipvs/ip_vs_lblc.o
  CC      net/mptcp/fastopen.o
  CC [M]  net/netfilter/ipvs/ip_vs_lblcr.o
  CC [M]  net/wireless/trace.o
  CC      net/handshake/request.o
  CC      net/mptcp/sched.o
  CC [M]  net/netfilter/ipvs/ip_vs_dh.o
  CC      net/mptcp/mptcp_pm_gen.o
  CC      net/handshake/tlshd.o
  CC      net/mptcp/syncookies.o
  CC [M]  net/netfilter/ipvs/ip_vs_sh.o
  CC      net/mptcp/bpf.o
  CC [M]  net/netfilter/ipvs/ip_vs_sed.o
  CC      net/handshake/trace.o
  CC [M]  net/mptcp/mptcp_diag.o
  CC [M]  net/netfilter/ipvs/ip_vs_nq.o
  AR      net/handshake/built-in.a
  AR      net/netfilter/built-in.a
  CC [M]  net/netfilter/ipvs/ip_vs_ftp.o
  AR      net/mptcp/built-in.a
  CC [M]  net/netfilter/ipvs/ip_vs_pe_sip.o
  CC [M]  net/llc/llc_core.o
  CC [M]  net/key/af_key.o
  LD [M]  net/netfilter/ipvs/ip_vs.o
  LD [M]  net/netfilter/nf_conntrack.o
  LD [M]  net/netfilter/nf_conntrack_h323.o
  LD [M]  net/netfilter/nf_nat.o
  LD [M]  net/netfilter/nf_tables.o
  LD [M]  net/netfilter/nf_flow_table.o
  CC [M]  net/wireless/ocb.o
  CC [M]  net/llc/llc_input.o
  CC [M]  net/bridge/br.o
  CC [M]  net/llc/llc_output.o
  CC [M]  net/wireless/pmsr.o
  CC [M]  net/bridge/br_device.o
  LD [M]  net/llc/llc.o
  CC [M]  net/wireless/of.o
  CC [M]  net/appletalk/aarp.o
  CC [M]  net/netrom/af_netrom.o
  CC [M]  net/bridge/br_fdb.o
  CC [M]  net/wireless/wext-compat.o
  CC [M]  net/appletalk/ddp.o
  CC [M]  net/netrom/nr_dev.o
  CC [M]  net/wireless/wext-sme.o
  CC [M]  net/netrom/nr_in.o
  CC [M]  net/bridge/br_forward.o
  CC [M]  net/appletalk/dev.o
  CC [M]  net/netrom/nr_loopback.o
  CC [M]  net/wireless/shipped-certs.o
  CC [M]  net/netrom/nr_out.o
  CC [M]  net/appletalk/atalk_proc.o
  CC [M]  net/wireless/lib80211.o
  CC [M]  net/bridge/br_if.o
  CC [M]  net/netrom/nr_route.o
  CC [M]  net/appletalk/sysctl_net_atalk.o
  AR      net/wireless/built-in.a
  LD [M]  net/wireless/cfg80211.o
  CC [M]  net/bridge/br_input.o
  LD [M]  net/appletalk/appletalk.o
  CC [M]  net/netrom/nr_subr.o
  CC [M]  net/bridge/br_ioctl.o
  CC [M]  net/netrom/nr_timer.o
  CC [M]  net/rose/af_rose.o
  CC [M]  net/netrom/sysctl_net_netrom.o
  CC [M]  net/bridge/br_stp.o
  CC [M]  net/bridge/br_stp_bpdu.o
  LD [M]  net/netrom/netrom.o
  CC [M]  net/rose/rose_dev.o
  CC [M]  net/rose/rose_in.o
  CC [M]  net/ax25/ax25_addr.o
  CC [M]  net/bridge/br_stp_if.o
  CC [M]  net/can/af_can.o
  CC [M]  net/rose/rose_link.o
  CC [M]  net/ax25/ax25_dev.o
  CC [M]  net/bridge/br_stp_timer.o
  CC [M]  net/rose/rose_loopback.o
  CC [M]  net/can/proc.o
  CC [M]  net/ax25/ax25_iface.o
  CC [M]  net/bridge/br_netlink.o
  CC [M]  net/rose/rose_out.o
  CC [M]  net/can/raw.o
  CC [M]  net/rose/rose_route.o
  CC [M]  net/ax25/ax25_in.o
  CC [M]  net/bridge/br_netlink_tunnel.o
  CC [M]  net/can/bcm.o
  CC [M]  net/rose/rose_subr.o
  CC [M]  net/ax25/ax25_ip.o
  CC [M]  net/bridge/br_arp_nd_proxy.o
  CC [M]  net/rose/rose_timer.o
  CC [M]  net/can/gw.o
  CC [M]  net/ax25/ax25_out.o
  CC [M]  net/bridge/br_sysfs_if.o
  CC [M]  net/rose/sysctl_net_rose.o
  CC [M]  net/can/isotp.o
  CC [M]  net/bridge/br_sysfs_br.o
  LD [M]  net/rose/rose.o
  CC [M]  net/ax25/ax25_route.o
  CC [M]  net/can/j1939/address-claim.o
  CC [M]  net/ax25/ax25_std_in.o
  CC [M]  net/can/j1939/bus.o
  CC [M]  net/bridge/br_nf_core.o
  CC [M]  net/bridge/br_multicast.o
  CC [M]  net/ax25/ax25_std_subr.o
  CC [M]  net/can/j1939/main.o
  CC [M]  net/bluetooth/af_bluetooth.o
  CC [M]  net/ax25/ax25_std_timer.o
  CC [M]  net/can/j1939/socket.o
  CC [M]  net/ax25/ax25_subr.o
  CC [M]  net/bluetooth/hci_core.o
  CC [M]  net/can/j1939/transport.o
  CC [M]  net/ax25/ax25_timer.o
  CC [M]  net/bridge/br_mdb.o
  LD [M]  net/can/j1939/can-j1939.o
  LD [M]  net/can/can.o
  LD [M]  net/can/can-raw.o
  LD [M]  net/can/can-bcm.o
  LD [M]  net/can/can-gw.o
  LD [M]  net/can/can-isotp.o
  CC [M]  net/ax25/ax25_uid.o
  CC [M]  net/atm/addr.o
  CC [M]  net/bridge/br_multicast_eht.o
  CC [M]  net/atm/pvc.o
  CC [M]  net/bluetooth/hci_conn.o
  CC [M]  net/ax25/af_ax25.o
  CC [M]  net/atm/signaling.o
  CC [M]  net/bridge/br_vlan.o
  CC [M]  net/atm/svc.o
  CC [M]  net/bluetooth/hci_event.o
  CC [M]  net/ax25/ax25_ds_in.o
  CC [M]  net/atm/ioctl.o
  CC [M]  net/ax25/ax25_ds_subr.o
  CC [M]  net/bridge/br_vlan_tunnel.o
  CC [M]  net/ax25/ax25_ds_timer.o
  CC [M]  net/atm/common.o
  CC [M]  net/bridge/br_vlan_options.o
  CC [M]  net/ax25/sysctl_net_ax25.o
  CC [M]  net/bridge/br_mst.o
  LD [M]  net/ax25/ax25.o
  CC [M]  net/atm/atm_misc.o
  CC [M]  net/bluetooth/mgmt.o
  CC [M]  net/l2tp/l2tp_core.o
  CC [M]  net/atm/raw.o
  CC [M]  net/bridge/br_switchdev.o
  CC [M]  net/bridge/br_netfilter_hooks.o
  CC [M]  net/atm/resources.o
  CC [M]  net/l2tp/l2tp_ppp.o
  CC [M]  net/atm/atm_sysfs.o
  CC [M]  net/bridge/br_netfilter_ipv6.o
  CC [M]  net/l2tp/l2tp_ip.o
  CC [M]  net/bluetooth/hci_sock.o
  CC [M]  net/atm/proc.o
  CC [M]  net/bridge/netfilter/nft_reject_bridge.o
  CC [M]  net/l2tp/l2tp_netlink.o
  CC [M]  net/bridge/netfilter/ebtables.o
  CC [M]  net/atm/pppoatm.o
  CC [M]  net/bluetooth/hci_sysfs.o
  LD [M]  net/atm/atm.o
  CC [M]  net/l2tp/l2tp_eth.o
  CC [M]  net/bluetooth/l2cap_core.o
  CC [M]  net/sctp/sm_statetable.o
  CC [M]  net/l2tp/l2tp_ip6.o
  CC [M]  net/sctp/sm_statefuns.o
  CC [M]  net/bridge/netfilter/ebtable_broute.o
  CC [M]  net/bluetooth/l2cap_sock.o
  CC [M]  net/bridge/netfilter/ebtable_filter.o
  CC [M]  net/bridge/netfilter/ebtable_nat.o
  CC [M]  net/sctp/sm_sideeffect.o
  CC [M]  net/bridge/netfilter/ebt_802_3.o
  CC [M]  net/bridge/netfilter/ebt_among.o
  CC [M]  net/bluetooth/smp.o
  CC [M]  net/bluetooth/lib.o
  CC [M]  net/bridge/netfilter/ebt_arp.o
  CC [M]  net/sctp/protocol.o
  CC [M]  net/bridge/netfilter/ebt_ip.o
  CC [M]  net/bluetooth/ecdh_helper.o
  CC [M]  net/mac80211/main.o
  CC [M]  net/sctp/endpointola.o
  CC [M]  net/bluetooth/mgmt_util.o
  CC [M]  net/bridge/netfilter/ebt_ip6.o
  CC [M]  net/sctp/associola.o
  CC [M]  net/bridge/netfilter/ebt_limit.o
  CC [M]  net/bluetooth/mgmt_config.o
  CC [M]  net/bridge/netfilter/ebt_mark_m.o
  CC [M]  net/mac80211/status.o
  CC [M]  net/bluetooth/hci_codec.o
  CC [M]  net/sctp/transport.o
  CC [M]  net/bridge/netfilter/ebt_pkttype.o
  CC [M]  net/bluetooth/eir.o
  CC [M]  net/sctp/chunk.o
  CC [M]  net/bridge/netfilter/ebt_stp.o
  CC [M]  net/bluetooth/hci_sync.o
  CC [M]  net/mac80211/driver-ops.o
  CC [M]  net/sctp/sm_make_chunk.o
  CC [M]  net/bridge/netfilter/ebt_vlan.o
  CC [M]  net/bridge/netfilter/ebt_arpreply.o
  CC [M]  net/mac80211/sta_info.o
  CC [M]  net/bridge/netfilter/ebt_mark.o
  CC [M]  net/sctp/ulpevent.o
  CC [M]  net/bridge/netfilter/ebt_dnat.o
  CC [M]  net/sctp/inqueue.o
  CC [M]  net/bluetooth/coredump.o
  CC [M]  net/bridge/netfilter/ebt_redirect.o
  CC [M]  net/sctp/outqueue.o
  CC [M]  net/bridge/netfilter/ebt_snat.o
  CC [M]  net/mac80211/wep.o
  CC [M]  net/bluetooth/sco.o
  CC [M]  net/bridge/netfilter/ebt_log.o
  CC [M]  net/sctp/ulpqueue.o
  CC [M]  net/mac80211/aead_api.o
  CC [M]  net/bridge/netfilter/ebt_nflog.o
  CC [M]  net/bluetooth/iso.o
  CC [M]  net/mac80211/wpa.o
  CC [M]  net/sctp/tsnmap.o
  LD [M]  net/bridge/bridge.o
  LD [M]  net/bridge/br_netfilter.o
  CC [M]  net/sctp/bind_addr.o
  CC [M]  net/bluetooth/hci_debugfs.o
  CC [M]  net/mac80211/scan.o
  CC [M]  net/sctp/socket.o
  CC [M]  net/sctp/primitive.o
  CC [M]  net/sctp/output.o
  CC [M]  net/bluetooth/6lowpan.o
  CC [M]  net/mac80211/offchannel.o
  CC [M]  net/bluetooth/rfcomm/core.o
  CC [M]  net/sctp/input.o
  CC [M]  net/bluetooth/rfcomm/sock.o
  CC [M]  net/mac80211/ht.o
  CC [M]  net/bluetooth/bnep/core.o
  CC [M]  net/sctp/debug.o
  CC [M]  net/bluetooth/rfcomm/tty.o
  CC [M]  net/bluetooth/bnep/sock.o
  CC [M]  net/mac80211/agg-tx.o
  CC [M]  net/sctp/stream.o
  CC [M]  net/bluetooth/bnep/netdev.o
  LD [M]  net/bluetooth/rfcomm/rfcomm.o
  CC [M]  net/rfkill/core.o
  LD [M]  net/bluetooth/bnep/bnep.o
  CC [M]  net/bluetooth/hidp/core.o
  CC [M]  net/sctp/auth.o
  CC [M]  net/rfkill/input.o
  CC [M]  net/mac80211/agg-rx.o
  LD [M]  net/rfkill/rfkill.o
  CC [M]  net/sctp/offload.o
  CC [M]  net/bluetooth/hidp/sock.o
  CC [M]  net/9p/mod.o
  CC [M]  net/sctp/stream_sched.o
  CC [M]  net/9p/client.o
  LD [M]  net/bluetooth/hidp/hidp.o
  LD [M]  net/bluetooth/bluetooth.o
  LD [M]  net/bluetooth/bluetooth_6lowpan.o
  CC [M]  net/9p/error.o
  CC [M]  net/mac80211/vht.o
  CC [M]  net/sctp/stream_sched_prio.o
  CC [M]  net/9p/protocol.o
  CC [M]  net/sctp/stream_sched_rr.o
  CC [M]  net/9p/trans_common.o
  CC [M]  net/mac80211/he.o
  CC [M]  net/6lowpan/core.o
  CC [M]  net/9p/trans_fd.o
  CC [M]  net/sctp/stream_sched_fc.o
  CC [M]  net/mac80211/s1g.o
  LD [M]  net/9p/9pnet.o
  LD [M]  net/9p/9pnet_fd.o
  CC [M]  net/6lowpan/iphc.o
  CC [M]  net/sctp/stream_interleave.o
  CC [M]  net/6lowpan/nhc.o
  CC [M]  net/mac80211/ibss.o
  CC [M]  net/6lowpan/ndisc.o
  CC [M]  net/sctp/proc.o
  CC [M]  net/ieee802154/netlink.o
  CC [M]  net/6lowpan/nhc_dest.o
  CC [M]  net/mac80211/iface.o
  CC [M]  net/ieee802154/nl-mac.o
  CC [M]  net/sctp/sysctl.o
  CC [M]  net/6lowpan/nhc_fragment.o
  CC [M]  net/sctp/ipv6.o
  CC [M]  net/ieee802154/nl-phy.o
  CC [M]  net/6lowpan/nhc_hop.o
  CC [M]  net/mac80211/link.o
  CC [M]  net/ieee802154/nl_policy.o
  CC [M]  net/6lowpan/nhc_ipv6.o
  CC [M]  net/sctp/diag.o
  CC [M]  net/ieee802154/core.o
  CC [M]  net/6lowpan/nhc_mobility.o
  LD [M]  net/sctp/sctp.o
  LD [M]  net/sctp/sctp_diag.o
  CC [M]  net/mac802154/main.o
  CC [M]  net/mac80211/rate.o
  CC [M]  net/6lowpan/nhc_routing.o
  CC [M]  net/ieee802154/header_ops.o
  CC [M]  net/6lowpan/nhc_udp.o
  CC [M]  net/mac802154/rx.o
  CC [M]  net/ieee802154/sysfs.o
  CC [M]  net/mac80211/michael.o
  LD [M]  net/6lowpan/6lowpan.o
  CC [M]  net/mac80211/tkip.o
  CC [M]  net/ieee802154/nl802154.o
  CC [M]  net/mac802154/tx.o
  CC [M]  net/mac802154/mac_cmd.o
  CC [M]  net/mac80211/aes_cmac.o
  CC [M]  net/mac802154/mib.o
  CC [M]  net/ieee802154/trace.o
  CC [M]  net/mac80211/aes_gmac.o
  CC [M]  net/ieee802154/pan.o
  CC [M]  net/mac802154/iface.o
  CC [M]  net/mac80211/fils_aead.o
  CC [M]  net/ieee802154/socket.o
  CC [M]  net/mac80211/cfg.o
  CC [M]  net/mac802154/llsec.o
  CC [M]  net/ceph/ceph_common.o
  CC [M]  net/ieee802154/6lowpan/core.o
  CC [M]  net/mac802154/util.o
  CC [M]  net/ieee802154/6lowpan/rx.o
  CC [M]  net/ceph/messenger.o
  CC [M]  net/mac802154/cfg.o
  CC [M]  net/ieee802154/6lowpan/reassembly.o
  CC [M]  net/ieee802154/6lowpan/tx.o
  CC [M]  net/mac802154/scan.o
  CC [M]  net/mac80211/ethtool.o
  CC [M]  net/ceph/msgpool.o
  CC [M]  net/ceph/buffer.o
  LD [M]  net/ieee802154/6lowpan/ieee802154_6lowpan.o
  LD [M]  net/ieee802154/ieee802154.o
  LD [M]  net/ieee802154/ieee802154_socket.o
  CC [M]  net/mac802154/trace.o
  CC [M]  net/ceph/pagelist.o
  CC [M]  net/mac80211/rx.o
  CC [M]  net/batman-adv/bat_algo.o
  CC [M]  net/ceph/mon_client.o
  LD [M]  net/mac802154/mac802154.o
  CC [M]  net/nfc/core.o
  CC [M]  net/batman-adv/bat_iv_ogm.o
  CC [M]  net/ceph/decode.o
  CC [M]  net/nfc/netlink.o
  CC [M]  net/batman-adv/bat_v.o
  CC [M]  net/ceph/cls_lock_client.o
  CC [M]  net/batman-adv/bat_v_elp.o
  CC [M]  net/mac80211/spectmgmt.o
  CC [M]  net/ceph/osd_client.o
  CC [M]  net/nfc/af_nfc.o
  CC [M]  net/mac80211/tx.o
  CC [M]  net/batman-adv/bat_v_ogm.o
  CC [M]  net/nfc/rawsock.o
  CC [M]  net/batman-adv/bitarray.o
  CC [M]  net/nfc/llcp_core.o
  CC [M]  net/batman-adv/bridge_loop_avoidance.o
  CC [M]  net/ceph/osdmap.o
  CC [M]  net/nfc/llcp_commands.o
  CC [M]  net/batman-adv/distributed-arp-table.o
  CC [M]  net/nfc/llcp_sock.o
  CC [M]  net/mac80211/key.o
  CC [M]  net/batman-adv/fragmentation.o
  CC [M]  net/ceph/crush/crush.o
  CC [M]  net/ceph/crush/mapper.o
  LD [M]  net/nfc/nfc.o
  CC [M]  net/batman-adv/gateway_client.o
  CC [M]  net/ceph/crush/hash.o
  CC [M]  net/ceph/striper.o
  CC [M]  net/openvswitch/actions.o
  CC [M]  net/ceph/debugfs.o
  CC [M]  net/batman-adv/gateway_common.o
  CC [M]  net/mac80211/util.o
  CC [M]  net/ceph/auth.o
  CC [M]  net/openvswitch/datapath.o
  CC [M]  net/batman-adv/hard-interface.o
  CC [M]  net/batman-adv/hash.o
  CC [M]  net/ceph/auth_none.o
  CC [M]  net/openvswitch/dp_notify.o
  CC [M]  net/ceph/crypto.o
  CC [M]  net/batman-adv/main.o
  CC [M]  net/ceph/armor.o
  CC [M]  net/ceph/auth_x.o
  CC [M]  net/openvswitch/flow.o
  CC [M]  net/batman-adv/multicast.o
  CC [M]  net/mac80211/parse.o
  CC [M]  net/ceph/ceph_strings.o
  CC [M]  net/openvswitch/flow_netlink.o
  CC [M]  net/ceph/ceph_hash.o
  CC [M]  net/batman-adv/multicast_forw.o
  CC [M]  net/mac80211/wme.o
  CC [M]  net/ceph/pagevec.o
  CC [M]  net/batman-adv/netlink.o
  CC [M]  net/mac80211/chan.o
  CC [M]  net/ceph/snapshot.o
  CC [M]  net/batman-adv/originator.o
  CC [M]  net/openvswitch/flow_table.o
  CC [M]  net/ceph/string_table.o
  CC [M]  net/batman-adv/routing.o
  CC [M]  net/ceph/messenger_v1.o
  CC [M]  net/openvswitch/meter.o
  CC [M]  net/mac80211/trace.o
  CC [M]  net/batman-adv/send.o
  CC [M]  net/ceph/messenger_v2.o
  CC [M]  net/openvswitch/openvswitch_trace.o
  CC [M]  net/batman-adv/soft-interface.o
  CC [M]  net/openvswitch/vport.o
  CC [M]  net/batman-adv/tp_meter.o
  LD [M]  net/ceph/libceph.o
  CC [M]  net/openvswitch/vport-internal_dev.o
  CC [M]  net/mac80211/mlme.o
  CC [M]  net/openvswitch/vport-netdev.o
  CC [M]  net/batman-adv/translation-table.o
  CC [M]  net/openvswitch/conntrack.o
  CC [M]  net/batman-adv/tvlv.o
  CC [M]  net/vmw_vsock/af_vsock.o
  CC [M]  net/openvswitch/vport-vxlan.o
  LD [M]  net/batman-adv/batman-adv.o
  CC [M]  net/openvswitch/vport-gre.o
  CC [M]  net/mac80211/tdls.o
  LD [M]  net/openvswitch/openvswitch.o
  CC [M]  net/vmw_vsock/af_vsock_tap.o
  CC [M]  net/vmw_vsock/vsock_addr.o
  CC [M]  net/nsh/nsh.o
  CC [M]  net/mac80211/ocb.o
  CC [M]  net/vmw_vsock/vsock_bpf.o
  AR      net/built-in.a
  CC [M]  net/mac80211/airtime.o
  CC [M]  net/vmw_vsock/diag.o
  CC [M]  net/mac80211/eht.o
  CC [M]  net/mac80211/led.o
  CC [M]  net/vmw_vsock/virtio_transport_common.o
  CC [M]  net/vmw_vsock/vsock_loopback.o
  CC [M]  net/mac80211/mesh.o
  LD [M]  net/vmw_vsock/vsock.o
  CC [M]  net/mac80211/mesh_pathtbl.o
  LD [M]  net/vmw_vsock/vsock_diag.o
  LD [M]  net/vmw_vsock/vmw_vsock_virtio_transport_common.o
  CC [M]  net/mac80211/mesh_plink.o
  CC [M]  net/mac80211/mesh_hwmp.o
  CC [M]  net/mac80211/mesh_sync.o
  CC [M]  net/mac80211/mesh_ps.o
  CC [M]  net/mac80211/pm.o
  CC [M]  net/mac80211/rc80211_minstrel_ht.o
  CC [M]  net/mac80211/wbrf.o
  LD [M]  net/mac80211/mac80211.o
make[1]: *** [/home/ubuntu/linux-rpi-6.12.67/Makefile:1945: .] Error 2
make: *** [Makefile:224: __sub-make] Error 2
